---------------------------------------------------
M.U.G.E.N ver 1.1.0 Beta 1 P1 (2013.08.11) status log
---------------------------------------------------
Parsing command line...
Command line: C:\Users\Christian\Chav-MUGEN\mugen.exe
Parse command line OK
Initializing...
Allocating game variables
Reading configuration file...Setting language "en".
OK
Initializing timer...performance timer enabled...frequency 10000000...OK
Initializing keyboard...configuring...OK
Initializing input engine...OK
Initializing sound...OK
Initializing BGM...  OK
Initializing graphics...gameCoord 1280x720...render mode 2_20...trying 1280x720x32 mode 0x0...success...OK
Setting callbacks...OK
Initializing font...OK
Initializing game variables...OK
Session RNG seed is 1649622013
Loading system fonts...OK
Loading options...
Initializing pads...failed
Reinitializing input engine...OK
Remapping keys...OK
Reinitializing input engine...OK
Options loaded OK
Loading system...
  Load system file system.def...OK
  Load system spr...OK
  Load system snd...OK
  Load system fonts...OK
  Load system anim...OK
  Load [Title Info]...OK
  Load [Option Info]...OK
  Load [Select Info]...OK
  Load [VS Screen]...OK
  Load [Victory Screen]...OK
  Load [Demo Mode]...OK
  Load [Continue Screen]...OK
  Load [Game Over Screen]...OK
  Load [Win Screen]...OK
  Load [Survival Results Screen]...OK
  Load [Default Ending]...OK
  Load [End Credits]...OK
  Load TitleBG...VersusBG...VictoryBG...SelectBG...OptionBG...OK
  Loading fight data
    Opening fight data file data/mugen1/fight.def...OK
    Reading [Files]...OK
    Loading fonts...OK
    Load fight anim...OK
    Reading [Lifebar]...[Turns Lifebar]...[Simul Lifebar]...[Powerbar]...
    [Face]...[Simul Face]...[Turns Face]...
    [Name]...[Simul Name]...[Turns Name]...
    [Time]...[Combo]...[Round]...[WinIcon]...OK
    Allocating explods...OK
  Fight data loaded OK
Lua initing
Lua init complete
System loaded OK
Initialize OK
Set up graphics...timer...OK

Entering gameflow loop
Gameflow 0
Gameflow 1
Gameflow 2
Initializing character info...OK
Initializing select screen...finding characters...OK
Gameflow 3
Gameflow 4
Entering mode select.
Unloading match assets
Freeing players
Game loop init
Mode select init
End of mode select loop
Game loop deinit
Gameflow 6
Reset persist vars team 0
Reset persist vars team 1
Char Jill.def (6) request pal 7 3F (3F) -> reserved 1 (3D)
Char dio.def (5) request pal 7 FFF (FFF) -> reserved 7 (F7F)
Gameflow 8
Gameflow 9
Gameflow 10
Gameflow 11
Loading match assets...
Loading stage...
  Loading BG...OK
Stage loaded OK
Setting game resolution 1280x960...OK
  Allocating helpers...OK
Match RNG seed: 1536280766
Reset persist vars team 0
Reset persist vars team 1
Loading character chars/Jill/Jill.def...
  Loading info...OK
  Loading cmd command set CMND/Jill.cmd...OK
  Loading cns CNS/Jill.cns...OK
  Loading cns CNS/config.txt...OK
  Loading cmd state entry CMND/Jill.cmd...OK
  Loading common states CNS/common1.cns...OK
  Loading sff SPRITES/Jill.sff...OK
  Loading anim ANIMATIONS/Jill.air...OK
  Loading snd SOUNDS/Jill.snd...OK
  Loading pals...(1,1)(1,2)(1,3)(1,4)(1,5)(1,6)OK
  SFF v1.01 palette hack engaged.
  8740 expressions (2476 on trigger lines)
Character Jill.def loaded OK
New char Jill loaded into cache: (1/4 cached) Load time: 610.000ms
Loading character chars/dio/dio.def...
  Loading info...Info: DIO loading in pre-1.0 compatible mode
OK
  Loading cmd command set dio.cmd...OK
  Loading cns dio.cns...OK
  Loading cns dio_system.cns...OK
  Loading cns dio_damage.cns...OK
  Loading cns config.txt...OK
  Loading cmd state entry dio.cmd...OK
  Loading common states common1.cns...OK
  Loading sff dio.sff...OK
  Loading anim dio.air...OK
  Loading snd dio.snd...OK
  Loading pals...(1,1)(1,2)(1,3)(1,4)(1,5)(1,6)(1,7)(1,8)(1,9)(1,10)(1,11)(1,12)OK
  SFF v1.01 palette hack engaged.
  34055 expressions (15448 on trigger lines)
Character dio.def loaded OK
New char dio loaded into cache: (2/4 cached) Load time: 500.000ms
Resetting round
Match assets initialized OK
Game loop init
Match loop init
CloseWindow event forced common loop quit.
End of match loop
Total time: 3.85s
Total frames: 214 	Skipped frames: 0
Avg game rate: 55.58
Avg frame rate: 55.58

Finishing match
Freeing players
Save persist vars P56 Jill
Player Jill cache count reduced: 0
Save persist vars P57 dio
Player dio cache count reduced: 0
Match RNG closed
Game loop deinit
Gameflow 3
Gameflow 4
Entering mode select.
Setting game resolution 1280x720...OK
Unloading match assets
Freeing players
Unloading stage...OK
Game loop init
Mode select init
End of mode select loop
Game loop deinit
Returned from gameflow loop
Deinitializing...
Frames      : 827
Time elapsed: 15.270 sec
ticks: 1527, tps: 100, start 114, end 1641

Unloading match assets
Freeing players
Clearing player cache...Freeing player RC dio...CMD...CNS...SFF...AIR...SND...Misc...OK
Freeing player RC Jill...CMD...CNS...SFF...AIR...SND...Misc...OK
OK
Freeing character info...OK
Freeing select screen...OK
Freeing fight data...OK
Freeing system data...OK
Freeing game variables...Unloading match assets
Freeing players
OK
Deinitializing input...pad...keyboard...OK
Removing callbacks...OK
Deintializing timer...OK
Deinitializing graphics...OK
Deinitializing BGM...OK
Deinitializing sound...OK
Successful program termination.

Log file successfully closed.
